<?xml version="1.0" encoding="UTF-8"?>
<coverage generated="1634632378564" clover="3.2.0">
  <project timestamp="1634632378564" name="All files">
    <metrics statements="33" coveredstatements="33" conditionals="20" coveredconditionals="18" methods="9" coveredmethods="9" elements="62" coveredelements="60" complexity="0" loc="33" ncloc="33" packages="1" files="4" classes="4"/>
    <file name="analyze.js" path="C:\Users\meuti\OneDrive\Documents\Practice\testing\js\analyze.js">
      <metrics statements="7" coveredstatements="7" conditionals="0" coveredconditionals="0" methods="6" coveredmethods="6"/>
      <line num="2" count="11" type="stmt"/>
      <line num="12" count="57" type="stmt"/>
      <line num="16" count="11" type="stmt"/>
      <line num="17" count="11" type="stmt"/>
      <line num="21" count="185" type="stmt"/>
      <line num="22" count="11" type="stmt"/>
      <line num="30" count="1" type="stmt"/>
    </file>
    <file name="caesar.js" path="C:\Users\meuti\OneDrive\Documents\Practice\testing\js\caesar.js">
      <metrics statements="14" coveredstatements="14" conditionals="12" coveredconditionals="11" methods="1" coveredmethods="1"/>
      <line num="2" count="10" type="cond" truecount="2" falsecount="0"/>
      <line num="3" count="3" type="stmt"/>
      <line num="5" count="7" type="stmt"/>
      <line num="7" count="7" type="stmt"/>
      <line num="8" count="57" type="stmt"/>
      <line num="10" count="57" type="cond" truecount="2" falsecount="0"/>
      <line num="11" count="45" type="stmt"/>
      <line num="13" count="45" type="cond" truecount="4" falsecount="0"/>
      <line num="14" count="11" type="stmt"/>
      <line num="15" count="34" type="cond" truecount="3" falsecount="1"/>
      <line num="16" count="34" type="stmt"/>
      <line num="19" count="57" type="stmt"/>
      <line num="21" count="7" type="stmt"/>
      <line num="25" count="1" type="stmt"/>
    </file>
    <file name="calculator.js" path="C:\Users\meuti\OneDrive\Documents\Practice\testing\js\calculator.js">
      <metrics statements="9" coveredstatements="9" conditionals="8" coveredconditionals="7" methods="1" coveredmethods="1"/>
      <line num="2" count="13" type="cond" truecount="2" falsecount="0"/>
      <line num="3" count="3" type="stmt"/>
      <line num="4" count="10" type="cond" truecount="2" falsecount="0"/>
      <line num="5" count="3" type="stmt"/>
      <line num="6" count="7" type="cond" truecount="2" falsecount="0"/>
      <line num="7" count="3" type="stmt"/>
      <line num="8" count="4" type="cond" truecount="1" falsecount="1"/>
      <line num="9" count="4" type="stmt"/>
      <line num="13" count="1" type="stmt"/>
    </file>
    <file name="reverse.js" path="C:\Users\meuti\OneDrive\Documents\Practice\testing\js\reverse.js">
      <metrics statements="3" coveredstatements="3" conditionals="0" coveredconditionals="0" methods="1" coveredmethods="1"/>
      <line num="2" count="3" type="stmt"/>
      <line num="3" count="3" type="stmt"/>
      <line num="5" count="1" type="stmt"/>
    </file>
  </project>
</coverage>
