{"C:\\Users\\meuti\\OneDrive\\Documents\\Practice\\testing\\js\\analyze.js": {"path":"C:\\Users\\meuti\\OneDrive\\Documents\\Practice\\testing\\js\\analyze.js","statementMap":{"0":{"start":{"line":2,"column":4},"end":{"line":7,"column":6}},"1":{"start":{"line":12,"column":4},"end":{"line":12,"column":51}},"2":{"start":{"line":12,"column":32},"end":{"line":12,"column":37}},"3":{"start":{"line":16,"column":14},"end":{"line":16,"column":24}},"4":{"start":{"line":17,"column":4},"end":{"line":17,"column":17}},"5":{"start":{"line":21,"column":14},"end":{"line":21,"column":39}},"6":{"start":{"line":21,"column":33},"end":{"line":21,"column":38}},"7":{"start":{"line":22,"column":4},"end":{"line":22,"column":17}},"8":{"start":{"line":30,"column":0},"end":{"line":30,"column":24}}},"fnMap":{"0":{"name":"analyze","decl":{"start":{"line":1,"column":9},"end":{"line":1,"column":16}},"loc":{"start":{"line":1,"column":22},"end":{"line":8,"column":1}},"line":1},"1":{"name":"averager","decl":{"start":{"line":11,"column":9},"end":{"line":11,"column":17}},"loc":{"start":{"line":11,"column":23},"end":{"line":13,"column":1}},"line":11},"2":{"name":"(anonymous_2)","decl":{"start":{"line":12,"column":22},"end":{"line":12,"column":23}},"loc":{"start":{"line":12,"column":32},"end":{"line":12,"column":37}},"line":12},"3":{"name":"minFinder","decl":{"start":{"line":15,"column":9},"end":{"line":15,"column":18}},"loc":{"start":{"line":15,"column":24},"end":{"line":18,"column":1}},"line":15},"4":{"name":"maxFinder","decl":{"start":{"line":20,"column":9},"end":{"line":20,"column":18}},"loc":{"start":{"line":20,"column":24},"end":{"line":23,"column":1}},"line":20},"5":{"name":"(anonymous_5)","decl":{"start":{"line":21,"column":23},"end":{"line":21,"column":24}},"loc":{"start":{"line":21,"column":33},"end":{"line":21,"column":38}},"line":21}},"branchMap":{},"s":{"0":11,"1":11,"2":57,"3":11,"4":11,"5":11,"6":185,"7":11,"8":1},"f":{"0":11,"1":11,"2":57,"3":11,"4":11,"5":185},"b":{},"_coverageSchema":"1a1c01bbd47fc00a2c39e90264f33305004495a9","hash":"43e71ea211e301707c550aec82ed7fa9e06fcc84"}
,"C:\\Users\\meuti\\OneDrive\\Documents\\Practice\\testing\\js\\caesar.js": {"path":"C:\\Users\\meuti\\OneDrive\\Documents\\Practice\\testing\\js\\caesar.js","statementMap":{"0":{"start":{"line":2,"column":4},"end":{"line":4,"column":5}},"1":{"start":{"line":3,"column":8},"end":{"line":3,"column":37}},"2":{"start":{"line":5,"column":17},"end":{"line":5,"column":19}},"3":{"start":{"line":7,"column":4},"end":{"line":20,"column":5}},"4":{"start":{"line":7,"column":17},"end":{"line":7,"column":18}},"5":{"start":{"line":8,"column":16},"end":{"line":8,"column":22}},"6":{"start":{"line":10,"column":8},"end":{"line":18,"column":9}},"7":{"start":{"line":11,"column":23},"end":{"line":11,"column":40}},"8":{"start":{"line":13,"column":12},"end":{"line":17,"column":13}},"9":{"start":{"line":14,"column":16},"end":{"line":14,"column":72}},"10":{"start":{"line":15,"column":19},"end":{"line":17,"column":13}},"11":{"start":{"line":16,"column":16},"end":{"line":16,"column":72}},"12":{"start":{"line":19,"column":8},"end":{"line":19,"column":20}},"13":{"start":{"line":21,"column":4},"end":{"line":21,"column":18}},"14":{"start":{"line":25,"column":0},"end":{"line":25,"column":24}}},"fnMap":{"0":{"name":"caesar","decl":{"start":{"line":1,"column":9},"end":{"line":1,"column":15}},"loc":{"start":{"line":1,"column":27},"end":{"line":22,"column":1}},"line":1}},"branchMap":{"0":{"loc":{"start":{"line":2,"column":4},"end":{"line":4,"column":5}},"type":"if","locations":[{"start":{"line":2,"column":4},"end":{"line":4,"column":5}},{"start":{},"end":{}}],"line":2},"1":{"loc":{"start":{"line":10,"column":8},"end":{"line":18,"column":9}},"type":"if","locations":[{"start":{"line":10,"column":8},"end":{"line":18,"column":9}},{"start":{},"end":{}}],"line":10},"2":{"loc":{"start":{"line":13,"column":12},"end":{"line":17,"column":13}},"type":"if","locations":[{"start":{"line":13,"column":12},"end":{"line":17,"column":13}},{"start":{"line":15,"column":19},"end":{"line":17,"column":13}}],"line":13},"3":{"loc":{"start":{"line":13,"column":16},"end":{"line":13,"column":40}},"type":"binary-expr","locations":[{"start":{"line":13,"column":16},"end":{"line":13,"column":26}},{"start":{"line":13,"column":30},"end":{"line":13,"column":40}}],"line":13},"4":{"loc":{"start":{"line":15,"column":19},"end":{"line":17,"column":13}},"type":"if","locations":[{"start":{"line":15,"column":19},"end":{"line":17,"column":13}},{"start":{},"end":{}}],"line":15},"5":{"loc":{"start":{"line":15,"column":23},"end":{"line":15,"column":48}},"type":"binary-expr","locations":[{"start":{"line":15,"column":23},"end":{"line":15,"column":33}},{"start":{"line":15,"column":37},"end":{"line":15,"column":48}}],"line":15}},"s":{"0":10,"1":3,"2":7,"3":7,"4":7,"5":57,"6":57,"7":45,"8":45,"9":11,"10":34,"11":34,"12":57,"13":7,"14":1},"f":{"0":10},"b":{"0":[3,7],"1":[45,12],"2":[11,34],"3":[45,45],"4":[34,0],"5":[34,34]},"_coverageSchema":"1a1c01bbd47fc00a2c39e90264f33305004495a9","hash":"25e14e36b929027e34807873d0f02b136a2b0de3"}
,"C:\\Users\\meuti\\OneDrive\\Documents\\Practice\\testing\\js\\calculator.js": {"path":"C:\\Users\\meuti\\OneDrive\\Documents\\Practice\\testing\\js\\calculator.js","statementMap":{"0":{"start":{"line":2,"column":4},"end":{"line":10,"column":5}},"1":{"start":{"line":3,"column":8},"end":{"line":3,"column":26}},"2":{"start":{"line":4,"column":11},"end":{"line":10,"column":5}},"3":{"start":{"line":5,"column":8},"end":{"line":5,"column":26}},"4":{"start":{"line":6,"column":11},"end":{"line":10,"column":5}},"5":{"start":{"line":7,"column":8},"end":{"line":7,"column":26}},"6":{"start":{"line":8,"column":11},"end":{"line":10,"column":5}},"7":{"start":{"line":9,"column":8},"end":{"line":9,"column":26}},"8":{"start":{"line":13,"column":0},"end":{"line":13,"column":27}}},"fnMap":{"0":{"name":"calculator","decl":{"start":{"line":1,"column":9},"end":{"line":1,"column":19}},"loc":{"start":{"line":1,"column":36},"end":{"line":11,"column":1}},"line":1}},"branchMap":{"0":{"loc":{"start":{"line":2,"column":4},"end":{"line":10,"column":5}},"type":"if","locations":[{"start":{"line":2,"column":4},"end":{"line":10,"column":5}},{"start":{"line":4,"column":11},"end":{"line":10,"column":5}}],"line":2},"1":{"loc":{"start":{"line":4,"column":11},"end":{"line":10,"column":5}},"type":"if","locations":[{"start":{"line":4,"column":11},"end":{"line":10,"column":5}},{"start":{"line":6,"column":11},"end":{"line":10,"column":5}}],"line":4},"2":{"loc":{"start":{"line":6,"column":11},"end":{"line":10,"column":5}},"type":"if","locations":[{"start":{"line":6,"column":11},"end":{"line":10,"column":5}},{"start":{"line":8,"column":11},"end":{"line":10,"column":5}}],"line":6},"3":{"loc":{"start":{"line":8,"column":11},"end":{"line":10,"column":5}},"type":"if","locations":[{"start":{"line":8,"column":11},"end":{"line":10,"column":5}},{"start":{},"end":{}}],"line":8}},"s":{"0":13,"1":3,"2":10,"3":3,"4":7,"5":3,"6":4,"7":4,"8":1},"f":{"0":13},"b":{"0":[3,10],"1":[3,7],"2":[3,4],"3":[4,0]},"_coverageSchema":"1a1c01bbd47fc00a2c39e90264f33305004495a9","hash":"45bb34ade0a699cb207e3df274af5ba537d17750"}
,"C:\\Users\\meuti\\OneDrive\\Documents\\Practice\\testing\\js\\reverse.js": {"path":"C:\\Users\\meuti\\OneDrive\\Documents\\Practice\\testing\\js\\reverse.js","statementMap":{"0":{"start":{"line":2,"column":21},"end":{"line":2,"column":29}},"1":{"start":{"line":3,"column":4},"end":{"line":3,"column":38}},"2":{"start":{"line":5,"column":0},"end":{"line":5,"column":25}}},"fnMap":{"0":{"name":"reverse","decl":{"start":{"line":1,"column":9},"end":{"line":1,"column":16}},"loc":{"start":{"line":1,"column":22},"end":{"line":4,"column":1}},"line":1}},"branchMap":{},"s":{"0":3,"1":3,"2":1},"f":{"0":3},"b":{},"_coverageSchema":"1a1c01bbd47fc00a2c39e90264f33305004495a9","hash":"027791c087b36d27a0ad3b51ada8f3622a3e1be6"}
}
