TN:
SF:js\analyze.js
FN:1,analyze
FN:11,averager
FN:12,(anonymous_2)
FN:15,minFinder
FN:20,maxFinder
FN:21,(anonymous_5)
FNF:6
FNH:6
FNDA:11,analyze
FNDA:11,averager
FNDA:57,(anonymous_2)
FNDA:11,minFinder
FNDA:11,maxFinder
FNDA:185,(anonymous_5)
DA:2,11
DA:12,57
DA:16,11
DA:17,11
DA:21,185
DA:22,11
DA:30,1
LF:7
LH:7
BRF:0
BRH:0
end_of_record
TN:
SF:js\caesar.js
FN:1,caesar
FNF:1
FNH:1
FNDA:10,caesar
DA:2,10
DA:3,3
DA:5,7
DA:7,7
DA:8,57
DA:10,57
DA:11,45
DA:13,45
DA:14,11
DA:15,34
DA:16,34
DA:19,57
DA:21,7
DA:25,1
LF:14
LH:14
BRDA:2,0,0,3
BRDA:2,0,1,7
BRDA:10,1,0,45
BRDA:10,1,1,12
BRDA:13,2,0,11
BRDA:13,2,1,34
BRDA:13,3,0,45
BRDA:13,3,1,45
BRDA:15,4,0,34
BRDA:15,4,1,0
BRDA:15,5,0,34
BRDA:15,5,1,34
BRF:12
BRH:11
end_of_record
TN:
SF:js\calculator.js
FN:1,calculator
FNF:1
FNH:1
FNDA:13,calculator
DA:2,13
DA:3,3
DA:4,10
DA:5,3
DA:6,7
DA:7,3
DA:8,4
DA:9,4
DA:13,1
LF:9
LH:9
BRDA:2,0,0,3
BRDA:2,0,1,10
BRDA:4,1,0,3
BRDA:4,1,1,7
BRDA:6,2,0,3
BRDA:6,2,1,4
BRDA:8,3,0,4
BRDA:8,3,1,0
BRF:8
BRH:7
end_of_record
TN:
SF:js\reverse.js
FN:1,reverse
FNF:1
FNH:1
FNDA:3,reverse
DA:2,3
DA:3,3
DA:5,1
LF:3
LH:3
BRF:0
BRH:0
end_of_record
